app/build/intermediates/manifest_merge_blame_file/release/processReleaseMainManifest/manifest-merger-blame-release-report.txt
1<?xml version="1.0" encoding="utf-8"?>
2<manifest xmlns:android="http://schemas.android.com/apk/res/android"
3    package="com.porakhela"
4    android:versionCode="1"
5    android:versionName="1.0" >
6
7    <uses-sdk
8        android:minSdkVersion="21"
9        android:targetSdkVersion="34" />
10
11    <!-- Permissions -->
12    <uses-permission android:name="android.permission.INTERNET" />
12-->src\main\AndroidManifest.xml:6:5-67
12-->src\main\AndroidManifest.xml:6:22-64
13    <uses-permission android:name="android.permission.ACCESS_NETWORK_STATE" />
13-->src\main\AndroidManifest.xml:7:5-79
13-->src\main\AndroidManifest.xml:7:22-76
14    <uses-permission android:name="android.permission.VIBRATE" />
14-->src\main\AndroidManifest.xml:8:5-66
14-->src\main\AndroidManifest.xml:8:22-63
15    <uses-permission android:name="android.permission.POST_NOTIFICATIONS" />
15-->src\main\AndroidManifest.xml:9:5-77
15-->src\main\AndroidManifest.xml:9:22-74
16
17    <!-- Optional permissions for future features -->
18    <uses-permission android:name="android.permission.RECORD_AUDIO" />
18-->src\main\AndroidManifest.xml:12:5-71
18-->src\main\AndroidManifest.xml:12:22-68
19    <uses-permission android:name="android.permission.WAKE_LOCK" />
19-->src\main\AndroidManifest.xml:13:5-68
19-->src\main\AndroidManifest.xml:13:22-65
20    <uses-permission android:name="android.permission.RECEIVE_BOOT_COMPLETED" />
20-->[androidx.work:work-runtime:2.9.0] AndroidManifest.xml:25:5-81
20-->[androidx.work:work-runtime:2.9.0] AndroidManifest.xml:25:22-78
21    <uses-permission android:name="android.permission.FOREGROUND_SERVICE" />
21-->[androidx.work:work-runtime:2.9.0] AndroidManifest.xml:26:5-77
21-->[androidx.work:work-runtime:2.9.0] AndroidManifest.xml:26:22-74
22
23    <permission
23-->[androidx.core:core:1.12.0] AndroidManifest.xml:22:5-24:47
24        android:name="com.porakhela.DYNAMIC_RECEIVER_NOT_EXPORTED_PERMISSION"
24-->[androidx.core:core:1.12.0] AndroidManifest.xml:23:9-81
25        android:protectionLevel="signature" />
25-->[androidx.core:core:1.12.0] AndroidManifest.xml:24:9-44
26
27    <uses-permission android:name="com.porakhela.DYNAMIC_RECEIVER_NOT_EXPORTED_PERMISSION" />
27-->[androidx.core:core:1.12.0] AndroidManifest.xml:26:5-97
27-->[androidx.core:core:1.12.0] AndroidManifest.xml:26:22-94
28
29    <application
29-->src\main\AndroidManifest.xml:15:5-77:19
30        android:name="com.porakhela.PorakhelaApplication"
30-->src\main\AndroidManifest.xml:16:9-45
31        android:allowBackup="true"
31-->src\main\AndroidManifest.xml:17:9-35
32        android:appComponentFactory="androidx.core.app.CoreComponentFactory"
32-->[androidx.core:core:1.12.0] AndroidManifest.xml:28:18-86
33        android:dataExtractionRules="@xml/data_extraction_rules"
33-->src\main\AndroidManifest.xml:18:9-65
34        android:extractNativeLibs="true"
35        android:fullBackupContent="@xml/backup_rules"
35-->src\main\AndroidManifest.xml:19:9-54
36        android:hardwareAccelerated="true"
36-->src\main\AndroidManifest.xml:25:9-43
37        android:icon="@mipmap/ic_launcher"
37-->src\main\AndroidManifest.xml:20:9-43
38        android:label="@string/app_name"
38-->src\main\AndroidManifest.xml:21:9-41
39        android:roundIcon="@mipmap/ic_launcher_round"
39-->src\main\AndroidManifest.xml:22:9-54
40        android:supportsRtl="false"
40-->src\main\AndroidManifest.xml:23:9-36
41        android:theme="@style/Theme.Porakhela" >
41-->src\main\AndroidManifest.xml:24:9-47
42
43        <!-- Splash Activity -->
44        <activity
44-->src\main\AndroidManifest.xml:29:9-39:20
45            android:name="com.porakhela.ui.splash.SplashActivity"
45-->src\main\AndroidManifest.xml:30:13-53
46            android:exported="true"
46-->src\main\AndroidManifest.xml:31:13-36
47            android:launchMode="singleTop"
47-->src\main\AndroidManifest.xml:34:13-43
48            android:screenOrientation="portrait"
48-->src\main\AndroidManifest.xml:33:13-49
49            android:theme="@style/Theme.Porakhela.Splash" >
49-->src\main\AndroidManifest.xml:32:13-58
50            <intent-filter>
50-->src\main\AndroidManifest.xml:35:13-38:29
51                <action android:name="android.intent.action.MAIN" />
51-->src\main\AndroidManifest.xml:36:17-69
51-->src\main\AndroidManifest.xml:36:25-66
52
53                <category android:name="android.intent.category.LAUNCHER" />
53-->src\main\AndroidManifest.xml:37:17-77
53-->src\main\AndroidManifest.xml:37:27-74
54            </intent-filter>
55        </activity>
56
57        <!-- Main Activity -->
58        <activity
58-->src\main\AndroidManifest.xml:42:9-47:55
59            android:name="com.porakhela.ui.main.MainActivity"
59-->src\main\AndroidManifest.xml:43:13-49
60            android:exported="true"
60-->src\main\AndroidManifest.xml:44:13-36
61            android:launchMode="singleTop"
61-->src\main\AndroidManifest.xml:46:13-43
62            android:screenOrientation="portrait"
62-->src\main\AndroidManifest.xml:45:13-49
63            android:windowSoftInputMode="adjustPan" />
63-->src\main\AndroidManifest.xml:47:13-52
64
65        <!-- Rewards Center Activity -->
66        <activity
66-->src\main\AndroidManifest.xml:50:9-56:66
67            android:name="com.porakhela.ui.rewards.RewardsCenterActivity"
67-->src\main\AndroidManifest.xml:51:13-61
68            android:exported="false"
68-->src\main\AndroidManifest.xml:52:13-37
69            android:launchMode="singleTop"
69-->src\main\AndroidManifest.xml:54:13-43
70            android:parentActivityName="com.porakhela.ui.main.MainActivity"
70-->src\main\AndroidManifest.xml:56:13-63
71            android:screenOrientation="portrait"
71-->src\main\AndroidManifest.xml:53:13-49
72            android:windowSoftInputMode="adjustPan" />
72-->src\main\AndroidManifest.xml:55:13-52
73
74        <!-- Onboarding Activity (if needed separately) -->
75        <activity
75-->src\main\AndroidManifest.xml:59:9-65:54
76            android:name="com.porakhela.ui.onboarding.OnboardingActivity"
76-->src\main\AndroidManifest.xml:60:13-61
77            android:configChanges="orientation|screenSize|keyboardHidden"
77-->src\main\AndroidManifest.xml:63:13-74
78            android:exported="false"
78-->src\main\AndroidManifest.xml:61:13-37
79            android:screenOrientation="portrait"
79-->src\main\AndroidManifest.xml:62:13-49
80            android:theme="@style/Theme.Porakhela"
80-->src\main\AndroidManifest.xml:65:13-51
81            android:windowSoftInputMode="adjustResize" />
81-->src\main\AndroidManifest.xml:64:13-55
82
83        <!-- Parent Dashboard Activity -->
84        <activity
84-->src\main\AndroidManifest.xml:68:9-75:56
85            android:name="com.porakhela.ui.parent.ParentDashboardActivity"
85-->src\main\AndroidManifest.xml:69:13-62
86            android:configChanges="orientation|screenSize|keyboardHidden|uiMode"
86-->src\main\AndroidManifest.xml:72:13-81
87            android:exported="false"
87-->src\main\AndroidManifest.xml:70:13-37
88            android:label="@string/parent_dashboard"
88-->src\main\AndroidManifest.xml:75:13-53
89            android:screenOrientation="portrait"
89-->src\main\AndroidManifest.xml:71:13-49
90            android:theme="@style/Theme.Porakhela"
90-->src\main\AndroidManifest.xml:74:13-51
91            android:windowSoftInputMode="adjustPan" />
91-->src\main\AndroidManifest.xml:73:13-52
92
93        <provider
93-->[androidx.emoji2:emoji2:1.2.0] AndroidManifest.xml:24:9-32:20
94            android:name="androidx.startup.InitializationProvider"
94-->[androidx.emoji2:emoji2:1.2.0] AndroidManifest.xml:25:13-67
95            android:authorities="com.porakhela.androidx-startup"
95-->[androidx.emoji2:emoji2:1.2.0] AndroidManifest.xml:26:13-68
96            android:exported="false" >
96-->[androidx.emoji2:emoji2:1.2.0] AndroidManifest.xml:27:13-37
97            <meta-data
97-->[androidx.emoji2:emoji2:1.2.0] AndroidManifest.xml:29:13-31:52
98                android:name="androidx.emoji2.text.EmojiCompatInitializer"
98-->[androidx.emoji2:emoji2:1.2.0] AndroidManifest.xml:30:17-75
99                android:value="androidx.startup" />
99-->[androidx.emoji2:emoji2:1.2.0] AndroidManifest.xml:31:17-49
100            <meta-data
100-->[androidx.work:work-runtime:2.9.0] AndroidManifest.xml:34:13-36:52
101                android:name="androidx.work.WorkManagerInitializer"
101-->[androidx.work:work-runtime:2.9.0] AndroidManifest.xml:35:17-68
102                android:value="androidx.startup" />
102-->[androidx.work:work-runtime:2.9.0] AndroidManifest.xml:36:17-49
103            <meta-data
103-->[androidx.lifecycle:lifecycle-process:2.7.0] AndroidManifest.xml:29:13-31:52
104                android:name="androidx.lifecycle.ProcessLifecycleInitializer"
104-->[androidx.lifecycle:lifecycle-process:2.7.0] AndroidManifest.xml:30:17-78
105                android:value="androidx.startup" />
105-->[androidx.lifecycle:lifecycle-process:2.7.0] AndroidManifest.xml:31:17-49
106            <meta-data
106-->[androidx.profileinstaller:profileinstaller:1.3.0] AndroidManifest.xml:29:13-31:52
107                android:name="androidx.profileinstaller.ProfileInstallerInitializer"
107-->[androidx.profileinstaller:profileinstaller:1.3.0] AndroidManifest.xml:30:17-85
108                android:value="androidx.startup" />
108-->[androidx.profileinstaller:profileinstaller:1.3.0] AndroidManifest.xml:31:17-49
109        </provider>
110
111        <service
111-->[androidx.work:work-runtime:2.9.0] AndroidManifest.xml:39:9-45:35
112            android:name="androidx.work.impl.background.systemalarm.SystemAlarmService"
112-->[androidx.work:work-runtime:2.9.0] AndroidManifest.xml:40:13-88
113            android:directBootAware="false"
113-->[androidx.work:work-runtime:2.9.0] AndroidManifest.xml:41:13-44
114            android:enabled="@bool/enable_system_alarm_service_default"
114-->[androidx.work:work-runtime:2.9.0] AndroidManifest.xml:42:13-72
115            android:exported="false" />
115-->[androidx.work:work-runtime:2.9.0] AndroidManifest.xml:43:13-37
116        <service
116-->[androidx.work:work-runtime:2.9.0] AndroidManifest.xml:46:9-52:35
117            android:name="androidx.work.impl.background.systemjob.SystemJobService"
117-->[androidx.work:work-runtime:2.9.0] AndroidManifest.xml:47:13-84
118            android:directBootAware="false"
118-->[androidx.work:work-runtime:2.9.0] AndroidManifest.xml:48:13-44
119            android:enabled="@bool/enable_system_job_service_default"
119-->[androidx.work:work-runtime:2.9.0] AndroidManifest.xml:49:13-70
120            android:exported="true"
120-->[androidx.work:work-runtime:2.9.0] AndroidManifest.xml:50:13-36
121            android:permission="android.permission.BIND_JOB_SERVICE" />
121-->[androidx.work:work-runtime:2.9.0] AndroidManifest.xml:51:13-69
122        <service
122-->[androidx.work:work-runtime:2.9.0] AndroidManifest.xml:53:9-59:35
123            android:name="androidx.work.impl.foreground.SystemForegroundService"
123-->[androidx.work:work-runtime:2.9.0] AndroidManifest.xml:54:13-81
124            android:directBootAware="false"
124-->[androidx.work:work-runtime:2.9.0] AndroidManifest.xml:55:13-44
125            android:enabled="@bool/enable_system_foreground_service_default"
125-->[androidx.work:work-runtime:2.9.0] AndroidManifest.xml:56:13-77
126            android:exported="false" />
126-->[androidx.work:work-runtime:2.9.0] AndroidManifest.xml:57:13-37
127
128        <receiver
128-->[androidx.work:work-runtime:2.9.0] AndroidManifest.xml:61:9-66:35
129            android:name="androidx.work.impl.utils.ForceStopRunnable$BroadcastReceiver"
129-->[androidx.work:work-runtime:2.9.0] AndroidManifest.xml:62:13-88
130            android:directBootAware="false"
130-->[androidx.work:work-runtime:2.9.0] AndroidManifest.xml:63:13-44
131            android:enabled="true"
131-->[androidx.work:work-runtime:2.9.0] AndroidManifest.xml:64:13-35
132            android:exported="false" />
132-->[androidx.work:work-runtime:2.9.0] AndroidManifest.xml:65:13-37
133        <receiver
133-->[androidx.work:work-runtime:2.9.0] AndroidManifest.xml:67:9-77:20
134            android:name="androidx.work.impl.background.systemalarm.ConstraintProxy$BatteryChargingProxy"
134-->[androidx.work:work-runtime:2.9.0] AndroidManifest.xml:68:13-106
135            android:directBootAware="false"
135-->[androidx.work:work-runtime:2.9.0] AndroidManifest.xml:69:13-44
136            android:enabled="false"
136-->[androidx.work:work-runtime:2.9.0] AndroidManifest.xml:70:13-36
137            android:exported="false" >
137-->[androidx.work:work-runtime:2.9.0] AndroidManifest.xml:71:13-37
138            <intent-filter>
138-->[androidx.work:work-runtime:2.9.0] AndroidManifest.xml:73:13-76:29
139                <action android:name="android.intent.action.ACTION_POWER_CONNECTED" />
139-->[androidx.work:work-runtime:2.9.0] AndroidManifest.xml:74:17-87
139-->[androidx.work:work-runtime:2.9.0] AndroidManifest.xml:74:25-84
140                <action android:name="android.intent.action.ACTION_POWER_DISCONNECTED" />
140-->[androidx.work:work-runtime:2.9.0] AndroidManifest.xml:75:17-90
140-->[androidx.work:work-runtime:2.9.0] AndroidManifest.xml:75:25-87
141            </intent-filter>
142        </receiver>
143        <receiver
143-->[androidx.work:work-runtime:2.9.0] AndroidManifest.xml:78:9-88:20
144            android:name="androidx.work.impl.background.systemalarm.ConstraintProxy$BatteryNotLowProxy"
144-->[androidx.work:work-runtime:2.9.0] AndroidManifest.xml:79:13-104
145            android:directBootAware="false"
145-->[androidx.work:work-runtime:2.9.0] AndroidManifest.xml:80:13-44
146            android:enabled="false"
146-->[androidx.work:work-runtime:2.9.0] AndroidManifest.xml:81:13-36
147            android:exported="false" >
147-->[androidx.work:work-runtime:2.9.0] AndroidManifest.xml:82:13-37
148            <intent-filter>
148-->[androidx.work:work-runtime:2.9.0] AndroidManifest.xml:84:13-87:29
149                <action android:name="android.intent.action.BATTERY_OKAY" />
149-->[androidx.work:work-runtime:2.9.0] AndroidManifest.xml:85:17-77
149-->[androidx.work:work-runtime:2.9.0] AndroidManifest.xml:85:25-74
150                <action android:name="android.intent.action.BATTERY_LOW" />
150-->[androidx.work:work-runtime:2.9.0] AndroidManifest.xml:86:17-76
150-->[androidx.work:work-runtime:2.9.0] AndroidManifest.xml:86:25-73
151            </intent-filter>
152        </receiver>
153        <receiver
153-->[androidx.work:work-runtime:2.9.0] AndroidManifest.xml:89:9-99:20
154            android:name="androidx.work.impl.background.systemalarm.ConstraintProxy$StorageNotLowProxy"
154-->[androidx.work:work-runtime:2.9.0] AndroidManifest.xml:90:13-104
155            android:directBootAware="false"
155-->[androidx.work:work-runtime:2.9.0] AndroidManifest.xml:91:13-44
156            android:enabled="false"
156-->[androidx.work:work-runtime:2.9.0] AndroidManifest.xml:92:13-36
157            android:exported="false" >
157-->[androidx.work:work-runtime:2.9.0] AndroidManifest.xml:93:13-37
158            <intent-filter>
158-->[androidx.work:work-runtime:2.9.0] AndroidManifest.xml:95:13-98:29
159                <action android:name="android.intent.action.DEVICE_STORAGE_LOW" />
159-->[androidx.work:work-runtime:2.9.0] AndroidManifest.xml:96:17-83
159-->[androidx.work:work-runtime:2.9.0] AndroidManifest.xml:96:25-80
160                <action android:name="android.intent.action.DEVICE_STORAGE_OK" />
160-->[androidx.work:work-runtime:2.9.0] AndroidManifest.xml:97:17-82
160-->[androidx.work:work-runtime:2.9.0] AndroidManifest.xml:97:25-79
161            </intent-filter>
162        </receiver>
163        <receiver
163-->[androidx.work:work-runtime:2.9.0] AndroidManifest.xml:100:9-109:20
164            android:name="androidx.work.impl.background.systemalarm.ConstraintProxy$NetworkStateProxy"
164-->[androidx.work:work-runtime:2.9.0] AndroidManifest.xml:101:13-103
165            android:directBootAware="false"
165-->[androidx.work:work-runtime:2.9.0] AndroidManifest.xml:102:13-44
166            android:enabled="false"
166-->[androidx.work:work-runtime:2.9.0] AndroidManifest.xml:103:13-36
167            android:exported="false" >
167-->[androidx.work:work-runtime:2.9.0] AndroidManifest.xml:104:13-37
168            <intent-filter>
168-->[androidx.work:work-runtime:2.9.0] AndroidManifest.xml:106:13-108:29
169                <action android:name="android.net.conn.CONNECTIVITY_CHANGE" />
169-->[androidx.work:work-runtime:2.9.0] AndroidManifest.xml:107:17-79
169-->[androidx.work:work-runtime:2.9.0] AndroidManifest.xml:107:25-76
170            </intent-filter>
171        </receiver>
172        <receiver
172-->[androidx.work:work-runtime:2.9.0] AndroidManifest.xml:110:9-121:20
173            android:name="androidx.work.impl.background.systemalarm.RescheduleReceiver"
173-->[androidx.work:work-runtime:2.9.0] AndroidManifest.xml:111:13-88
174            android:directBootAware="false"
174-->[androidx.work:work-runtime:2.9.0] AndroidManifest.xml:112:13-44
175            android:enabled="false"
175-->[androidx.work:work-runtime:2.9.0] AndroidManifest.xml:113:13-36
176            android:exported="false" >
176-->[androidx.work:work-runtime:2.9.0] AndroidManifest.xml:114:13-37
177            <intent-filter>
177-->[androidx.work:work-runtime:2.9.0] AndroidManifest.xml:116:13-120:29
178                <action android:name="android.intent.action.BOOT_COMPLETED" />
178-->[androidx.work:work-runtime:2.9.0] AndroidManifest.xml:117:17-79
178-->[androidx.work:work-runtime:2.9.0] AndroidManifest.xml:117:25-76
179                <action android:name="android.intent.action.TIME_SET" />
179-->[androidx.work:work-runtime:2.9.0] AndroidManifest.xml:118:17-73
179-->[androidx.work:work-runtime:2.9.0] AndroidManifest.xml:118:25-70
180                <action android:name="android.intent.action.TIMEZONE_CHANGED" />
180-->[androidx.work:work-runtime:2.9.0] AndroidManifest.xml:119:17-81
180-->[androidx.work:work-runtime:2.9.0] AndroidManifest.xml:119:25-78
181            </intent-filter>
182        </receiver>
183        <receiver
183-->[androidx.work:work-runtime:2.9.0] AndroidManifest.xml:122:9-131:20
184            android:name="androidx.work.impl.background.systemalarm.ConstraintProxyUpdateReceiver"
184-->[androidx.work:work-runtime:2.9.0] AndroidManifest.xml:123:13-99
185            android:directBootAware="false"
185-->[androidx.work:work-runtime:2.9.0] AndroidManifest.xml:124:13-44
186            android:enabled="@bool/enable_system_alarm_service_default"
186-->[androidx.work:work-runtime:2.9.0] AndroidManifest.xml:125:13-72
187            android:exported="false" >
187-->[androidx.work:work-runtime:2.9.0] AndroidManifest.xml:126:13-37
188            <intent-filter>
188-->[androidx.work:work-runtime:2.9.0] AndroidManifest.xml:128:13-130:29
189                <action android:name="androidx.work.impl.background.systemalarm.UpdateProxies" />
189-->[androidx.work:work-runtime:2.9.0] AndroidManifest.xml:129:17-98
189-->[androidx.work:work-runtime:2.9.0] AndroidManifest.xml:129:25-95
190            </intent-filter>
191        </receiver>
192        <receiver
192-->[androidx.work:work-runtime:2.9.0] AndroidManifest.xml:132:9-142:20
193            android:name="androidx.work.impl.diagnostics.DiagnosticsReceiver"
193-->[androidx.work:work-runtime:2.9.0] AndroidManifest.xml:133:13-78
194            android:directBootAware="false"
194-->[androidx.work:work-runtime:2.9.0] AndroidManifest.xml:134:13-44
195            android:enabled="true"
195-->[androidx.work:work-runtime:2.9.0] AndroidManifest.xml:135:13-35
196            android:exported="true"
196-->[androidx.work:work-runtime:2.9.0] AndroidManifest.xml:136:13-36
197            android:permission="android.permission.DUMP" >
197-->[androidx.work:work-runtime:2.9.0] AndroidManifest.xml:137:13-57
198            <intent-filter>
198-->[androidx.work:work-runtime:2.9.0] AndroidManifest.xml:139:13-141:29
199                <action android:name="androidx.work.diagnostics.REQUEST_DIAGNOSTICS" />
199-->[androidx.work:work-runtime:2.9.0] AndroidManifest.xml:140:17-88
199-->[androidx.work:work-runtime:2.9.0] AndroidManifest.xml:140:25-85
200            </intent-filter>
201        </receiver>
202
203        <uses-library
203-->[androidx.window:window:1.0.0] AndroidManifest.xml:25:9-27:40
204            android:name="androidx.window.extensions"
204-->[androidx.window:window:1.0.0] AndroidManifest.xml:26:13-54
205            android:required="false" />
205-->[androidx.window:window:1.0.0] AndroidManifest.xml:27:13-37
206        <uses-library
206-->[androidx.window:window:1.0.0] AndroidManifest.xml:28:9-30:40
207            android:name="androidx.window.sidecar"
207-->[androidx.window:window:1.0.0] AndroidManifest.xml:29:13-51
208            android:required="false" />
208-->[androidx.window:window:1.0.0] AndroidManifest.xml:30:13-37
209
210        <service
210-->[androidx.room:room-runtime:2.6.1] AndroidManifest.xml:24:9-28:63
211            android:name="androidx.room.MultiInstanceInvalidationService"
211-->[androidx.room:room-runtime:2.6.1] AndroidManifest.xml:25:13-74
212            android:directBootAware="true"
212-->[androidx.room:room-runtime:2.6.1] AndroidManifest.xml:26:13-43
213            android:exported="false" />
213-->[androidx.room:room-runtime:2.6.1] AndroidManifest.xml:27:13-37
214
215        <receiver
215-->[androidx.profileinstaller:profileinstaller:1.3.0] AndroidManifest.xml:34:9-52:20
216            android:name="androidx.profileinstaller.ProfileInstallReceiver"
216-->[androidx.profileinstaller:profileinstaller:1.3.0] AndroidManifest.xml:35:13-76
217            android:directBootAware="false"
217-->[androidx.profileinstaller:profileinstaller:1.3.0] AndroidManifest.xml:36:13-44
218            android:enabled="true"
218-->[androidx.profileinstaller:profileinstaller:1.3.0] AndroidManifest.xml:37:13-35
219            android:exported="true"
219-->[androidx.profileinstaller:profileinstaller:1.3.0] AndroidManifest.xml:38:13-36
220            android:permission="android.permission.DUMP" >
220-->[androidx.profileinstaller:profileinstaller:1.3.0] AndroidManifest.xml:39:13-57
221            <intent-filter>
221-->[androidx.profileinstaller:profileinstaller:1.3.0] AndroidManifest.xml:40:13-42:29
222                <action android:name="androidx.profileinstaller.action.INSTALL_PROFILE" />
222-->[androidx.profileinstaller:profileinstaller:1.3.0] AndroidManifest.xml:41:17-91
222-->[androidx.profileinstaller:profileinstaller:1.3.0] AndroidManifest.xml:41:25-88
223            </intent-filter>
224            <intent-filter>
224-->[androidx.profileinstaller:profileinstaller:1.3.0] AndroidManifest.xml:43:13-45:29
225                <action android:name="androidx.profileinstaller.action.SKIP_FILE" />
225-->[androidx.profileinstaller:profileinstaller:1.3.0] AndroidManifest.xml:44:17-85
225-->[androidx.profileinstaller:profileinstaller:1.3.0] AndroidManifest.xml:44:25-82
226            </intent-filter>
227            <intent-filter>
227-->[androidx.profileinstaller:profileinstaller:1.3.0] AndroidManifest.xml:46:13-48:29
228                <action android:name="androidx.profileinstaller.action.SAVE_PROFILE" />
228-->[androidx.profileinstaller:profileinstaller:1.3.0] AndroidManifest.xml:47:17-88
228-->[androidx.profileinstaller:profileinstaller:1.3.0] AndroidManifest.xml:47:25-85
229            </intent-filter>
230            <intent-filter>
230-->[androidx.profileinstaller:profileinstaller:1.3.0] AndroidManifest.xml:49:13-51:29
231                <action android:name="androidx.profileinstaller.action.BENCHMARK_OPERATION" />
231-->[androidx.profileinstaller:profileinstaller:1.3.0] AndroidManifest.xml:50:17-95
231-->[androidx.profileinstaller:profileinstaller:1.3.0] AndroidManifest.xml:50:25-92
232            </intent-filter>
233        </receiver>
234    </application>
235
236</manifest>